<?xml version="1.0" encoding="UTF-8"?>
<!-- Generated by org.testng.reporters.JUnitReportReporter -->
<testsuite hostname="DESKTOP-A5A6IK1" failures="0" tests="1" name="com.test.BaseTest" time="6.939" errors="0" timestamp="2022-02-28T22:14:23 CST" skipped="0">
  <testcase classname="com.test.BaseTest" name="f" time="6.939"/>
  <system-out/>
</testsuite> <!-- com.test.BaseTest -->
