<?xml version="1.0" encoding="UTF-8"?>
<!-- Generated by org.testng.reporters.JUnitReportReporter -->
<testsuite hostname="DESKTOP-A5A6IK1" failures="0" tests="1" name="com.test.cases.FirstTest" time="7.072" errors="0" timestamp="2022-03-01T08:40:23 CST" skipped="0">
  <testcase classname="com.test.cases.FirstTest" name="test" time="7.072"/>
  <system-out/>
</testsuite> <!-- com.test.cases.FirstTest -->
